f:\file\course\computer graphics\summer\opengl\opengl\debug\vc141.pdb
f:\file\course\computer graphics\summer\opengl\opengl\debug\vc141.idb
f:\file\course\computer graphics\summer\opengl\opengl\debug\light.nativecodeanalysis.xml
f:\file\course\computer graphics\summer\opengl\opengl\debug\main.nativecodeanalysis.xml
f:\file\course\computer graphics\summer\opengl\opengl\debug\shader.nativecodeanalysis.xml
f:\file\course\computer graphics\summer\opengl\opengl\debug\sphere.nativecodeanalysis.xml
f:\file\course\computer graphics\summer\opengl\opengl\debug\surface.nativecodeanalysis.xml
f:\file\course\computer graphics\summer\opengl\opengl\debug\display.nativecodeanalysis.xml
f:\file\course\computer graphics\summer\opengl\opengl\debug\raytracer.nativecodeanalysis.xml
f:\file\course\computer graphics\summer\opengl\opengl\debug\renderer.nativecodeanalysis.xml
f:\file\course\computer graphics\summer\opengl\opengl\debug\renderer.obj
f:\file\course\computer graphics\summer\opengl\opengl\debug\raytracer.obj
f:\file\course\computer graphics\summer\opengl\opengl\debug\display.obj
f:\file\course\computer graphics\summer\opengl\opengl\debug\surface.obj
f:\file\course\computer graphics\summer\opengl\opengl\debug\sphere.obj
f:\file\course\computer graphics\summer\opengl\opengl\debug\shader.obj
f:\file\course\computer graphics\summer\opengl\opengl\debug\main.obj
f:\file\course\computer graphics\summer\opengl\opengl\debug\light.obj
f:\file\course\computer graphics\summer\opengl\debug\opengl.ilk
f:\file\course\computer graphics\summer\opengl\debug\opengl.exe
f:\file\course\computer graphics\summer\opengl\debug\opengl.pdb
f:\file\course\computer graphics\summer\opengl\opengl\debug\nativecodeanalysis.read.1.tlog
f:\file\course\computer graphics\summer\opengl\opengl\debug\vc.nativecodeanalysis.all.xml
f:\file\course\computer graphics\summer\opengl\debug\opengl.exe.lastcodeanalysissucceeded
f:\file\course\computer graphics\summer\opengl\opengl\debug\opengl.tlog\cl.command.1.tlog
f:\file\course\computer graphics\summer\opengl\opengl\debug\opengl.tlog\cl.read.1.tlog
f:\file\course\computer graphics\summer\opengl\opengl\debug\opengl.tlog\cl.write.1.tlog
f:\file\course\computer graphics\summer\opengl\opengl\debug\opengl.tlog\link.command.1.tlog
f:\file\course\computer graphics\summer\opengl\opengl\debug\opengl.tlog\link.read.1.tlog
f:\file\course\computer graphics\summer\opengl\opengl\debug\opengl.tlog\link.write.1.tlog
